---- Waypaper Post Command ----
Wallpaper: /home/swavfedora/Pictures/wallpapers/blacknwhite.jpg
Selected scheme: scheme-tonal-spot
Selected source color: #000000
error: unexpected argument '--source-color' found

  tip: a similar argument exists: '--source-color-index'

Usage: matugen image --type <TYPE> --source-color-index <SOURCE_COLOR_INDEX> <PATH>

For more information, try '--help'.
Matugen FAILED
Wallpaper set via swww
---- Done ----
---- Waypaper Post Command ----
Wallpaper: /home/swavfedora/Pictures/wallpapers/bluedisks.jpg
Selected scheme: scheme-vibrant
Selected source color: #FD7E0100
error: unexpected argument '--source-color' found

  tip: a similar argument exists: '--source-color-index'

Usage: matugen image --type <TYPE> --source-color-index <SOURCE_COLOR_INDEX> <PATH>

For more information, try '--help'.
Matugen FAILED
Wallpaper set via swww
---- Done ----
---- Waypaper Post Command ----
Wallpaper: /home/swavfedora/Pictures/wallpapers/mindagruvbox.png
Selected scheme: scheme-vibrant
Selected source color: #302F2E
error: unexpected argument '--source-color' found

  tip: a similar argument exists: '--source-color-index'

Usage: matugen image --type <TYPE> --source-color-index <SOURCE_COLOR_INDEX> <PATH>

For more information, try '--help'.
Matugen FAILED
Wallpaper set via swww
---- Done ----
---- Waypaper Post Command ----
Wallpaper: /home/swavfedora/Pictures/wallpapers/blacknwhite.jpg
Selected scheme: scheme-tonal-spot
Matugen ran successfully in Kitty
Wallpaper set via swww
---- Done ----
---- Waypaper Post Command ----
Wallpaper: /home/swavfedora/Pictures/wallpapers/blacknwhite.jpg
Selected scheme: scheme-tonal-spot
Matugen ran successfully in Kitty
Wallpaper set via swww
---- Done ----
---- Waypaper Post Command ----
Wallpaper: /home/swavfedora/Pictures/wallpapers/darksouls.jpg
Selected scheme: scheme-vibrant
Matugen ran successfully in Kitty
Wallpaper set via swww
---- Done ----
---- Waypaper Post Command ----
Wallpaper: /home/swavfedora/Pictures/wallpapers/mindagruvbox.png
Selected scheme: scheme-monochrome
Matugen ran successfully in Kitty
Wallpaper set via swww
---- Done ----
---- Waypaper Post Command ----
Wallpaper: /home/swavfedora/Pictures/wallpapers/lucy.jpg
Selected scheme: scheme-vibrant
Matugen ran successfully in Kitty
Wallpaper set via swww
---- Done ----
---- Waypaper Post Command ----
Wallpaper: /home/swavfedora/Pictures/wallpapers/mindagruvbox.png
Selected scheme: scheme-tonal-spot
Matugen ran successfully in Kitty
Wallpaper set via swww
---- Done ----
---- Waypaper Post Command ----
Wallpaper: /home/swavfedora/Pictures/wallpapers/mindagruvbox.png
Selected scheme: scheme-tonal-spot
Matugen ran successfully in Kitty
Wallpaper set via swww
---- Done ----
---- Waypaper Post Command ----
Wallpaper: /home/swavfedora/Pictures/wallpapers/mindagruvbox.png
Selected scheme: scheme-tonal-spot
Matugen ran successfully in Kitty
Wallpaper set via swww
---- Done ----
---- Waypaper Post Command ----
Wallpaper: /home/swavfedora/Pictures/wallpapers/blue-black-girl.png
Selected scheme: scheme-tonal-spot
---- Waypaper Post Command ----
Wallpaper: /home/swavfedora/Pictures/wallpapers/bluedisks.jpg
Selected scheme: scheme-tonal-spot
---- Waypaper Post Command ----
Wallpaper: /home/swavfedora/Pictures/wallpapers/blueanimegirl.png
Selected scheme: scheme-vibrant
Matugen ran successfully in Kitty
Wallpaper set via swww
---- Done ----
---- Waypaper Post Command ----
Wallpaper: /home/swavfedora/Pictures/wallpapers/wallhaven-yqqlyx.png
Selected scheme: scheme-tonal-spot
Matugen ran successfully in Kitty
Wallpaper set via swww
---- Done ----
---- Waypaper Post Command ----
Wallpaper: /home/swavfedora/Pictures/wallpapers/blacknwhite.jpg
Scheme: scheme-tonal-spot
No color picked, aborting
---- Waypaper Post Command ----
Wallpaper: /home/swavfedora/Pictures/wallpapers/bluelupin.png
Scheme: scheme-tonal-spot
No color picked, aborting
---- Waypaper Post Command ----
Wallpaper: /home/swavfedora/Pictures/wallpapers/darkpurplecamera.png
Selected scheme: scheme-tonal-spot
Matugen ran successfully in Kitty
Wallpaper set via swww
---- Done ----
---- Waypaper Post Command ----
Wallpaper: /home/swavfedora/Pictures/wallpapers/wallhaven-yqqlyx.png
Selected scheme: scheme-vibrant
Matugen ran successfully in Kitty
Wallpaper set via swww
---- Done ----
---- Waypaper Post Command ----
Wallpaper: /home/swavfedora/Pictures/wallpapers/animeteal.png
Selected scheme: scheme-tonal-spot
---- Waypaper Post Command ----
Wallpaper: /home/swavfedora/Pictures/wallpapers/animeteal.png
Selected scheme: scheme-tonal-spot
---- Waypaper Post Command ----
Wallpaper: /home/swavfedora/Pictures/wallpapers/mindagruvbox.png
Selected scheme: scheme-tonal-spot
Matugen ran successfully in Kitty
Wallpaper set via swww
---- Done ----
---- Waypaper Post Command ----
Wallpaper: /home/swavfedora/Pictures/wallpapers/mindagruvbox.png
Selected scheme: scheme-tonal-spot
Matugen ran successfully in Kitty
Wallpaper set via swww
---- Done ----
---- Waypaper Post Command ----
Wallpaper: /home/swavfedora/Pictures/wallpapers/mindagruvbox.png
Selected scheme: scheme-tonal-spot
Matugen ran successfully in Kitty
Wallpaper set via swww
---- Done ----
---- Waypaper Post Command ----
Wallpaper: /home/swavfedora/Pictures/wallpapers/mindagruvbox.png
Selected scheme: scheme-tonal-spot
Matugen ran successfully in Kitty
Wallpaper set via swww
---- Done ----
---- Waypaper Post Command ----
Wallpaper: /home/swavfedora/Pictures/wallpapers/mindagruvbox.png
Selected scheme: scheme-tonal-spot
Matugen ran successfully in Kitty
Wallpaper set via swww
---- Done ----
---- Waypaper Post Command ----
Wallpaper: /home/swavfedora/Pictures/wallpapers/mindagruvbox.png
Selected scheme: scheme-tonal-spot
Matugen ran successfully in Kitty
Wallpaper set via swww
---- Done ----
---- Waypaper Post Command ----
Wallpaper: /home/swavfedora/Pictures/wallpapers/blue-black-girl.png
Selected scheme: scheme-vibrant
Matugen ran successfully in Kitty
Wallpaper set via swww
---- Done ----
---- Waypaper Post Command ----
Wallpaper: /home/swavfedora/Pictures/wallpapers/mindagruvbox.png
Selected scheme: scheme-tonal-spot
Matugen ran successfully in Kitty
Wallpaper set via swww
---- Done ----
---- Waypaper Post Command ----
Wallpaper: /home/swavfedora/Pictures/wallpapers/mindagruvbox.png
Selected scheme: scheme-tonal-spot
Matugen ran successfully in Kitty
Wallpaper set via swww
---- Done ----
---- Waypaper Post Command ----
Wallpaper: /home/swavfedora/Pictures/wallpapers/blacknwhite.jpg
Scheme: scheme-tonal-spot
No cache file found
---- Waypaper Post Command ----
Wallpaper: /home/swavfedora/Pictures/wallpapers/blacknwhite.jpg
Scheme: scheme-vibrant
No cache file found
---- Waypaper Post Command ----
Wallpaper: /home/swavfedora/Pictures/wallpapers/mindagruvbox.png
Selected scheme: scheme-tonal-spot
Matugen ran successfully in Kitty
Wallpaper set via swww
---- Done ----
---- Waypaper Post Command ----
Wallpaper: /home/swavfedora/Pictures/wallpapers/blueyellowgirl.jpg
Selected scheme: scheme-vibrant
Failed to auto-detect color.
---- Waypaper Post Command ----
Wallpaper: /home/swavfedora/Pictures/wallpapers/bluelupin.png
Selected scheme: scheme-tonal-spot
Failed to auto-detect color.
---- Waypaper Post Command ----
Wallpaper: /home/swavfedora/Pictures/wallpapers/darkanimegirl.png
Selected scheme: scheme-rainbow
Failed to auto-detect color.
---- Waypaper Post Command ----
Wallpaper: /home/swavfedora/Pictures/wallpapers/mindagruvbox.png
Selected scheme: scheme-tonal-spot
Matugen ran successfully in Kitty
Wallpaper set via swww
---- Done ----
---- Waypaper Post Command ----
Wallpaper: /home/swavfedora/Pictures/wallpapers/mindagruvbox.png
Selected scheme: scheme-tonal-spot
Matugen ran successfully in Kitty
Wallpaper set via swww
---- Done ----
---- Waypaper Post Command ----
Wallpaper: /home/swavfedora/Pictures/wallpapers/car.jpeg
Selected scheme: scheme-vibrant
Matugen ran successfully in Kitty
Wallpaper set via swww
---- Done ----
---- Waypaper Post Command ----
Wallpaper: /home/swavfedora/Pictures/wallpapers/ryomen-sukuna-jjk.jpg
Selected scheme: scheme-vibrant
Matugen ran successfully in Kitty
Wallpaper set via swww
---- Done ----
---- Waypaper Post Command ----
Wallpaper: /home/swavfedora/Pictures/wallpapers/tiger.png
Selected scheme: scheme-tonal-spot
Matugen ran successfully in Kitty
Wallpaper set via swww
---- Done ----
---- Waypaper Post Command ----
Wallpaper: /home/swavfedora/Pictures/wallpapers/tiger.png
Selected scheme: scheme-tonal-spot
Matugen ran successfully in Kitty
Wallpaper set via swww
---- Done ----
---- Waypaper Post Command ----
Wallpaper: /home/swavfedora/Pictures/wallpapers/colorfulanimegirl.png
Selected scheme: scheme-vibrant
Matugen ran successfully in Kitty
Wallpaper set via swww
---- Done ----
---- Waypaper Post Command ----
Wallpaper: /home/swavfedora/Pictures/wallpapers/colorfulanimegirl.png
Selected scheme: scheme-vibrant
Matugen ran successfully in Kitty
Wallpaper set via swww
---- Done ----
---- Waypaper Post Command ----
Wallpaper: /home/swavfedora/Pictures/wallpapers/car.jpeg
Selected scheme: scheme-tonal-spot
Matugen ran successfully in Kitty
Wallpaper set via swww
---- Done ----
---- Waypaper Post Command ----
Wallpaper: /home/swavfedora/Pictures/wallpapers/car.jpeg
Selected scheme: scheme-tonal-spot
Matugen ran successfully in Kitty
Wallpaper set via swww
---- Done ----
---- Waypaper Post Command ----
Wallpaper: /home/swavfedora/Pictures/wallpapers/darkpurplecamera.png
Selected scheme: scheme-vibrant
Matugen ran successfully in Kitty
Wallpaper set via swww
---- Done ----
---- Waypaper Post Command ----
Wallpaper: /home/swavfedora/Pictures/wallpapers/animeteal.png
Selected scheme: scheme-tonal-spot
Matugen ran successfully in Kitty
Wallpaper set via swww
---- Done ----
---- Waypaper Post Command ----
Wallpaper: /home/swavfedora/Pictures/wallpapers/blueanimegirl.png
Selected scheme: scheme-tonal-spot
Matugen ran successfully in Kitty
Wallpaper set via swww
---- Done ----
---- Waypaper Post Command ----
Wallpaper: /home/swavfedora/Pictures/wallpapers/blueanimegirl.png
Selected scheme: scheme-tonal-spot
Matugen ran successfully in Kitty
Wallpaper set via swww
---- Done ----
---- Waypaper Post Command ----
Wallpaper: /home/swavfedora/Pictures/wallpapers/mindagruvbox.png
Selected scheme: scheme-tonal-spot
Matugen ran successfully in Kitty
Wallpaper set via swww
---- Done ----
---- Waypaper Post Command ----
Wallpaper: /home/swavfedora/Pictures/wallpapers/bluedisks.jpg
Selected scheme: scheme-tonal-spot
Matugen ran successfully in Kitty
Wallpaper set via swww
---- Done ----
---- Waypaper Post Command ----
Wallpaper: /home/swavfedora/Pictures/wallpapers/mindagruvbox.png
Selected scheme: scheme-vibrant
Matugen ran successfully in Kitty
Wallpaper set via swww
---- Done ----
---- Waypaper Post Command ----
Wallpaper: /home/swavfedora/Pictures/wallpapers/bluedisks.jpg
Selected scheme: scheme-tonal-spot
Matugen ran successfully in Kitty
Wallpaper set via swww
---- Done ----
---- Waypaper Post Command ----
Wallpaper: /home/swavfedora/Pictures/wallpapers/mindagruvbox.png
Selected scheme: scheme-tonal-spot
Matugen ran successfully in Kitty
Wallpaper set via swww
---- Done ----
---- Waypaper Post Command ----
Wallpaper: /home/swavfedora/Pictures/wallpapers/killlakill.jpg
Selected scheme: scheme-vibrant
Matugen ran successfully in Kitty
Wallpaper set via swww
---- Done ----
---- Waypaper Post Command ----
Wallpaper: /home/swavfedora/Pictures/wallpapers/pink2.png
---- Waypaper Post Command ----
Wallpaper: /home/swavfedora/Pictures/wallpapers/pink2.png
Selected scheme: scheme-vibrant
Matugen ran successfully in Kitty
Wallpaper set via swww
---- Done ----
---- Waypaper Post Command ----
Wallpaper: /home/swavfedora/Pictures/wallpapers/spiderman.png
Selected scheme: scheme-vibrant
Matugen ran successfully in Kitty
Wallpaper set via swww
---- Done ----
---- Waypaper Post Command ----
Wallpaper: /home/swavfedora/Pictures/wallpapers/darkpurplecamera.png
Selected scheme: scheme-vibrant
Matugen ran successfully in Kitty
Wallpaper set via swww
---- Done ----
---- Waypaper Post Command ----
Wallpaper: /home/swavfedora/Pictures/wallpapers/animecamera.png
---- Waypaper Post Command ----
Wallpaper: /home/swavfedora/Pictures/wallpapers/mindagruvbox.png
Selected scheme: scheme-tonal-spot
Matugen ran successfully in Kitty
Wallpaper set via swww
---- Done ----
---- Waypaper Post Command ----
Wallpaper: /home/swavfedora/Pictures/wallpapers/darkanimegirl.png
---- Waypaper Post Command ----
Wallpaper: /home/swavfedora/Pictures/wallpapers/darkanimegirl.png
---- Waypaper Post Command ----
Wallpaper: /home/swavfedora/Pictures/wallpapers/darkanimegirl.png
Selected scheme: scheme-vibrant
---- Waypaper Post Command ----
Wallpaper: /home/swavfedora/Pictures/wallpapers/darkanimegirl.png
Selected scheme: scheme-vibrant
Matugen ran successfully in Kitty
Wallpaper set via swww
---- Done ----
Matugen ran successfully in Kitty
Wallpaper set via swww
---- Done ----
---- Waypaper Post Command ----
Wallpaper: /home/swavfedora/Pictures/wallpapers/mindagruvbox.png
Selected scheme: scheme-vibrant
Matugen ran successfully in Kitty
Wallpaper set via swww
---- Done ----
---- Waypaper Post Command ----
Wallpaper: /home/swavfedora/Pictures/wallpapers/pink1.png
Selected scheme: scheme-tonal-spot
Matugen ran successfully in Kitty
Wallpaper set via swww
---- Done ----
---- Waypaper Post Command ----
Wallpaper: /home/swavfedora/Pictures/wallpapers/pink2.png
Selected scheme: scheme-content
Matugen ran successfully in Kitty
Wallpaper set via swww
---- Done ----
---- Waypaper Post Command ----
Wallpaper: /home/swavfedora/Pictures/wallpapers/pink1.png
Selected scheme: scheme-vibrant
Matugen ran successfully in Kitty
Wallpaper set via swww
---- Done ----
---- Waypaper Post Command ----
Wallpaper: /home/swavfedora/Pictures/wallpapers/pink.png
---- Waypaper Post Command ----
Wallpaper: /home/swavfedora/Pictures/wallpapers/lucy.jpg
Selected scheme: scheme-tonal-spot
Matugen ran successfully in Kitty
Wallpaper set via swww
---- Done ----
---- Waypaper Post Command ----
Wallpaper: /home/swavfedora/Pictures/wallpapers/blueyellowgirl.jpg
Selected scheme: scheme-vibrant
Matugen ran successfully in Kitty
Wallpaper set via swww
---- Done ----
---- Waypaper Post Command ----
Wallpaper: /home/swavfedora/Pictures/wallpapers/mindagruvbox.png
Selected scheme: scheme-content
Matugen ran successfully in Kitty
Wallpaper set via swww
---- Done ----
---- Waypaper Post Command ----
Wallpaper: /home/swavfedora/Pictures/wallpapers/lucy.png
Selected scheme: scheme-content
Matugen ran successfully in Kitty
Wallpaper set via swww
---- Done ----
---- Waypaper Post Command ----
Wallpaper: /home/swavfedora/Pictures/wallpapers/car.jpeg
Selected scheme: scheme-vibrant
Matugen ran successfully in Kitty
Wallpaper set via swww
---- Done ----
---- Waypaper Post Command ----
Wallpaper: /home/swavfedora/Pictures/wallpapers/mindagruvbox.png
Selected scheme: scheme-tonal-spot
Matugen ran successfully in Kitty
Wallpaper set via swww
---- Done ----
---- Waypaper Post Command ----
Wallpaper: /home/swavfedora/Pictures/wallpapers/bluedisks.jpg
Selected scheme: scheme-vibrant
Matugen ran successfully in Kitty
Wallpaper set via swww
---- Done ----
---- Waypaper Post Command ----
Wallpaper: /home/swavfedora/Pictures/wallpapers/mindagruvbox.png
Selected scheme: scheme-tonal-spot
Matugen ran successfully in Kitty
Wallpaper set via swww
---- Done ----
---- Waypaper Post Command ----
Wallpaper: /home/swavfedora/Pictures/wallpapers/car.jpeg
Selected scheme: scheme-content
Matugen ran successfully in Kitty
Wallpaper set via swww
---- Done ----
---- Waypaper Post Command ----
Wallpaper: /home/swavfedora/Pictures/wallpapers/mindagruvbox.png
Selected scheme: scheme-vibrant
---- Waypaper Post Command ----
Wallpaper: /home/swavfedora/Pictures/wallpapers/pink2.png
---- Waypaper Post Command ----
Wallpaper: /home/swavfedora/Pictures/wallpapers/pink2.png
---- Waypaper Post Command ----
Wallpaper: /home/swavfedora/Pictures/wallpapers/pink2.png
---- Waypaper Post Command ----
Wallpaper: /home/swavfedora/Pictures/wallpapers/pink2.png
Matugen ran successfully in Kitty
Wallpaper set via swww
---- Done ----
---- Waypaper Post Command ----
Wallpaper: /home/swavfedora/Pictures/wallpapers/lucy.jpg
Selected scheme: scheme-tonal-spot
Matugen ran successfully in Kitty
Wallpaper set via swww
---- Done ----
---- Waypaper Post Command ----
Wallpaper: /home/swavfedora/Pictures/wallpapers/lucy.jpg
Selected scheme: scheme-tonal-spot
Matugen ran successfully in Kitty
Wallpaper set via swww
---- Done ----
---- Waypaper Post Command ----
Wallpaper: /home/swavfedora/Pictures/wallpapers/lucy.jpg
Selected scheme: scheme-tonal-spot
Matugen ran successfully in Kitty
Wallpaper set via swww
---- Done ----
---- Waypaper Post Command ----
Wallpaper: /home/swavfedora/Pictures/wallpapers/lucy.jpg
Selected scheme: scheme-tonal-spot
Matugen ran successfully in Kitty
Wallpaper set via swww
---- Done ----
---- Waypaper Post Command ----
Wallpaper: /home/swavfedora/Pictures/wallpapers/lucy.jpg
Selected scheme: scheme-tonal-spot
Matugen ran successfully in Kitty
Wallpaper set via swww
---- Done ----
---- Waypaper Post Command ----
Wallpaper: /home/swavfedora/Pictures/wallpapers/lucy.jpg
Selected scheme: scheme-tonal-spot
Matugen ran successfully in Kitty
Wallpaper set via swww
---- Done ----
---- Waypaper Post Command ----
Wallpaper: /home/swavfedora/Pictures/wallpapers/Somba4.jpg
Selected scheme: scheme-tonal-spot
---- Waypaper Post Command ----
Wallpaper: /home/swavfedora/Pictures/wallpapers/blue-black-girl.png
Selected scheme: scheme-tonal-spot
Matugen ran successfully in Kitty
Wallpaper set via swww
---- Done ----
Matugen ran successfully in Kitty
Wallpaper set via swww
---- Done ----
---- Waypaper Post Command ----
Wallpaper: /home/swavfedora/Pictures/wallpapers/Somba4.jpg
Selected scheme: scheme-tonal-spot
Matugen ran successfully in Kitty
Wallpaper set via swww
---- Done ----
---- Waypaper Post Command ----
Wallpaper: /home/swavfedora/Pictures/wallpapers/sombralogo.jpg
Selected scheme: scheme-tonal-spot
Matugen ran successfully in Kitty
Wallpaper set via swww
---- Done ----
---- Waypaper Post Command ----
Wallpaper: /home/swavfedora/Pictures/wallpapers/Somba1.jpg
Selected scheme: scheme-tonal-spot
Matugen ran successfully in Kitty
Wallpaper set via swww
---- Done ----
---- Waypaper Post Command ----
Wallpaper: /home/swavfedora/Pictures/wallpapers/Somba3.png
Selected scheme: scheme-tonal-spot
Matugen ran successfully in Kitty
Wallpaper set via swww
---- Done ----
---- Waypaper Post Command ----
Wallpaper: /home/swavfedora/Pictures/wallpapers/Somba2.jpg
Selected scheme: scheme-tonal-spot
Matugen ran successfully in Kitty
Wallpaper set via swww
---- Done ----
---- Waypaper Post Command ----
Wallpaper: /home/swavfedora/Pictures/wallpapers/Somba2.jpg
Selected scheme: scheme-tonal-spot
Matugen ran successfully in Kitty
Wallpaper set via swww
---- Done ----
---- Waypaper Post Command ----
Wallpaper: /home/swavfedora/Pictures/wallpapers/Somba2.jpg
Selected scheme: scheme-tonal-spot
Matugen ran successfully in Kitty
Wallpaper set via swww
---- Done ----
---- Waypaper Post Command ----
Wallpaper: /home/swavfedora/Pictures/wallpapers/Somba2.jpg
Selected scheme: scheme-tonal-spot
Matugen ran successfully in Kitty
Wallpaper set via swww
---- Done ----
---- Waypaper Post Command ----
Wallpaper: /home/swavfedora/Pictures/wallpapers/Somba2.jpg
Selected scheme: scheme-tonal-spot
Matugen ran successfully in Kitty
Wallpaper set via swww
---- Done ----
---- Waypaper Post Command ----
Wallpaper: /home/swavfedora/Pictures/wallpapers/Somba2.jpg
Selected scheme: scheme-tonal-spot
Matugen ran successfully in Kitty
Wallpaper set via swww
---- Done ----
---- Waypaper Post Command ----
Wallpaper: /home/swavfedora/Pictures/wallpapers/Somba2.jpg
Selected scheme: scheme-tonal-spot
Matugen ran successfully in Kitty
Error: "Socket file '\"/run/user/1000/wayland-1-swww-daemon..sock\"' not found. Make sure swww-daemon is running, and that the --namespace argument matches for the client and the daemon"
Wallpaper set via swww
---- Done ----
---- Waypaper Post Command ----
Wallpaper: /home/swavfedora/Pictures/wallpapers/Somba2.jpg
Selected scheme: scheme-tonal-spot
Matugen ran successfully in Kitty
Wallpaper set via swww
---- Done ----
---- Waypaper Post Command ----
Wallpaper: /home/swavfedora/Pictures/wallpapers/Somba2.jpg
Selected scheme: scheme-tonal-spot
Matugen ran successfully in Kitty
Wallpaper set via swww
---- Done ----
---- Waypaper Post Command ----
Wallpaper: /home/swavfedora/Pictures/wallpapers/Somba2.jpg
Selected scheme: scheme-tonal-spot
Matugen ran successfully in Kitty
Wallpaper set via swww
---- Done ----
---- Waypaper Post Command ----
Wallpaper: /home/swavfedora/Pictures/wallpapers/Somba2.jpg
Selected scheme: scheme-tonal-spot
Matugen ran successfully in Kitty
Wallpaper set via swww
---- Done ----
---- Waypaper Post Command ----
Wallpaper: /home/swavfedora/Pictures/wallpapers/Somba2.jpg
Selected scheme: scheme-tonal-spot
Matugen ran successfully in Kitty
Wallpaper set via swww
---- Done ----
---- Waypaper Post Command ----
Wallpaper: /home/swavfedora/Pictures/wallpapers/Somba2.jpg
Selected scheme: scheme-tonal-spot
Matugen ran successfully in Kitty
Wallpaper set via swww
---- Done ----
---- Waypaper Post Command ----
Wallpaper: /home/swavfedora/Pictures/wallpapers/Somba2.jpg
Selected scheme: scheme-tonal-spot
Matugen ran successfully in Kitty
Wallpaper set via swww
---- Done ----
---- Waypaper Post Command ----
Wallpaper: /home/swavfedora/Pictures/wallpapers/animegirl1.png
Selected scheme: scheme-content
Matugen ran successfully in Kitty
Wallpaper set via swww
---- Done ----
---- Waypaper Post Command ----
Wallpaper: /home/swavfedora/Pictures/wallpapers/Somba1.jpg
---- Waypaper Post Command ----
Wallpaper: /home/swavfedora/Pictures/wallpapers/Somba2.jpg
Selected scheme: scheme-content
Matugen ran successfully in Kitty
Wallpaper set via swww
---- Done ----
---- Waypaper Post Command ----
Wallpaper: /home/swavfedora/Pictures/wallpapers/Somba2.jpg
Selected scheme: scheme-content
Matugen ran successfully in Kitty
Wallpaper set via swww
---- Done ----
---- Waypaper Post Command ----
Wallpaper: /home/swavfedora/Pictures/wallpapers/Somba1.jpg
Selected scheme: scheme-content
Matugen ran successfully in Kitty
Wallpaper set via swww
---- Done ----
---- Waypaper Post Command ----
Wallpaper: /home/swavfedora/Pictures/wallpapers/Somba2.jpg
Selected scheme: scheme-vibrant
Matugen ran successfully in Kitty
Wallpaper set via swww
---- Done ----
---- Waypaper Post Command ----
Wallpaper: /home/swavfedora/Pictures/wallpapers/Somba2.jpg
Selected scheme: scheme-vibrant
Matugen ran successfully in Kitty
Wallpaper set via swww
---- Done ----
---- Waypaper Post Command ----
Wallpaper: /home/swavfedora/Pictures/wallpapers/Somba2.jpg
Selected scheme: scheme-vibrant
Matugen ran successfully in Kitty
Wallpaper set via swww
---- Done ----
---- Waypaper Post Command ----
Wallpaper: /home/swavfedora/Pictures/wallpapers/Somba2.jpg
Selected scheme: scheme-vibrant
Matugen ran successfully in Kitty
Wallpaper set via swww
---- Done ----
---- Waypaper Post Command ----
Wallpaper: /home/swavfedora/Pictures/wallpapers/Somba2.jpg
Selected scheme: scheme-vibrant
Matugen ran successfully in Kitty
Wallpaper set via swww
---- Done ----
---- Waypaper Post Command ----
Wallpaper: /home/swavfedora/Pictures/wallpapers/Somba2.jpg
Selected scheme: scheme-vibrant
Matugen ran successfully in Kitty
Wallpaper set via swww
---- Done ----
---- Waypaper Post Command ----
Wallpaper: /home/swavfedora/Pictures/wallpapers/Somba2.jpg
Selected scheme: scheme-vibrant
Matugen ran successfully in Kitty
Wallpaper set via swww
---- Done ----
---- Waypaper Post Command ----
Wallpaper: /home/swavfedora/Pictures/wallpapers/Somba2.jpg
Selected scheme: scheme-vibrant
Matugen ran successfully in Kitty
Wallpaper set via swww
---- Done ----
---- Waypaper Post Command ----
Wallpaper: /home/swavfedora/Pictures/wallpapers/Somba2.jpg
Selected scheme: scheme-vibrant
Matugen ran successfully in Kitty
Wallpaper set via swww
---- Done ----
---- Waypaper Post Command ----
Wallpaper: /home/swavfedora/Pictures/wallpapers/Somba2.jpg
Selected scheme: scheme-vibrant
Matugen ran successfully in Kitty
Wallpaper set via swww
---- Done ----
---- Waypaper Post Command ----
Wallpaper: /home/swavfedora/Pictures/wallpapers/Somba2.jpg
Selected scheme: scheme-vibrant
Matugen ran successfully in Kitty
Wallpaper set via swww
---- Done ----
---- Waypaper Post Command ----
Wallpaper: /home/swavfedora/Pictures/wallpapers/Somba2.jpg
Selected scheme: scheme-vibrant
Matugen ran successfully in Kitty
Wallpaper set via swww
---- Done ----
---- Waypaper Post Command ----
Wallpaper: /home/swavfedora/Pictures/wallpapers/Somba2.jpg
Selected scheme: scheme-vibrant
Matugen ran successfully in Kitty
Wallpaper set via swww
---- Done ----
---- Waypaper Post Command ----
Wallpaper: /home/swavfedora/Pictures/wallpapers/pink.png
Selected scheme: scheme-tonal-spot
---- Waypaper Post Command ----
Wallpaper: /home/swavfedora/Pictures/wallpapers/pink.png
Selected scheme: scheme-tonal-spot
Matugen ran successfully in Kitty
Wallpaper set via swww
---- Done ----
Matugen ran successfully in Kitty
Wallpaper set via swww
---- Done ----
---- Waypaper Post Command ----
Wallpaper: /home/swavfedora/Pictures/wallpapers/Somba2.jpg
Selected scheme: scheme-tonal-spot
Matugen ran successfully in Kitty
Wallpaper set via swww
---- Done ----
---- Waypaper Post Command ----
Wallpaper: /home/swavfedora/Pictures/wallpapers/animeteal.png
Selected scheme: scheme-vibrant
Matugen ran successfully in Kitty
Wallpaper set via swww
---- Done ----
---- Waypaper Post Command ----
Wallpaper: /home/swavfedora/Pictures/wallpapers/Somba2.jpg
Selected scheme: scheme-tonal-spot
Matugen ran successfully in Kitty
Wallpaper set via swww
---- Done ----
---- Waypaper Post Command ----
Wallpaper: /home/swavfedora/Pictures/wallpapers/Somba4.jpg
Selected scheme: scheme-tonal-spot
Matugen ran successfully in Kitty
Wallpaper set via swww
---- Done ----
---- Waypaper Post Command ----
Wallpaper: /home/swavfedora/Pictures/wallpapers/Somba4.jpg
Selected scheme: scheme-tonal-spot
Matugen ran successfully in Kitty
Wallpaper set via swww
---- Done ----
---- Waypaper Post Command ----
Wallpaper: /home/swavfedora/Pictures/wallpapers/Somba2.jpg
---- Waypaper Post Command ----
Wallpaper: /home/swavfedora/Pictures/wallpapers/Somba2.jpg
Selected scheme: scheme-tonal-spot
Matugen ran successfully in Kitty
Wallpaper set via swww
---- Done ----
---- Waypaper Post Command ----
Wallpaper: /home/swavfedora/Pictures/wallpapers/Somba2.jpg
Selected scheme: scheme-tonal-spot
Matugen ran successfully in Kitty
Wallpaper set via swww
---- Done ----
---- Waypaper Post Command ----
Wallpaper: /home/swavfedora/Pictures/wallpapers/Somba2.jpg
Selected scheme: scheme-tonal-spot
Matugen ran successfully in Kitty
Wallpaper set via swww
---- Done ----
---- Waypaper Post Command ----
Wallpaper: /home/swavfedora/Pictures/wallpapers/Somba2.jpg
Selected scheme: scheme-tonal-spot
Matugen ran successfully in Kitty
Wallpaper set via swww
---- Done ----
---- Waypaper Post Command ----
Wallpaper: /home/swavfedora/Pictures/wallpapers/Somba2.jpg
Selected scheme: scheme-tonal-spot
Matugen ran successfully in Kitty
Wallpaper set via swww
---- Done ----
---- Waypaper Post Command ----
Wallpaper: /home/swavfedora/Pictures/wallpapers/Somba2.jpg
Selected scheme: scheme-tonal-spot
Matugen ran successfully in Kitty
Wallpaper set via swww
---- Done ----
---- Waypaper Post Command ----
Wallpaper: /home/swavfedora/Pictures/wallpapers/Somba2.jpg
Selected scheme: scheme-tonal-spot
Matugen ran successfully in Kitty
Wallpaper set via swww
---- Done ----
---- Waypaper Post Command ----
Wallpaper: /home/swavfedora/Pictures/wallpapers/Somba2.jpg
Selected scheme: scheme-tonal-spot
Matugen ran successfully in Kitty
Wallpaper set via swww
---- Done ----
---- Waypaper Post Command ----
Wallpaper: /home/swavfedora/Pictures/wallpapers/Somba2.jpg
Selected scheme: scheme-tonal-spot
Matugen ran successfully in Kitty
Wallpaper set via swww
---- Done ----
---- Waypaper Post Command ----
Wallpaper: /home/swavfedora/Pictures/wallpapers/marathon.jpg
Selected scheme: scheme-tonal-spot
---- Waypaper Post Command ----
Wallpaper: /home/swavfedora/Pictures/wallpapers/marathon.jpg
Selected scheme: scheme-tonal-spot
---- Waypaper Post Command ----
Wallpaper: /home/swavfedora/Pictures/wallpapers/marathon.jpg
Selected scheme: scheme-tonal-spot
Matugen ran successfully in Kitty
Wallpaper set via swww
---- Done ----
Matugen ran successfully in Kitty
Wallpaper set via swww
---- Done ----
Matugen ran successfully in Kitty
Wallpaper set via swww
---- Done ----
---- Waypaper Post Command ----
Wallpaper: /home/swavfedora/Pictures/wallpapers/blacknwhite.jpg
Selected scheme: scheme-content
Matugen ran successfully in Kitty
Wallpaper set via swww
---- Done ----
---- Waypaper Post Command ----
Wallpaper: /home/swavfedora/Pictures/wallpapers/marathon.jpg
Selected scheme: scheme-content
Matugen ran successfully in Kitty
Wallpaper set via swww
---- Done ----
---- Waypaper Post Command ----
Wallpaper: /home/swavfedora/Pictures/wallpapers/blueanimegirl.png
Selected scheme: scheme-content
Matugen ran successfully in Kitty
Wallpaper set via swww
---- Done ----
---- Waypaper Post Command ----
Wallpaper: /home/swavfedora/Pictures/wallpapers/marathon.jpg
Selected scheme: scheme-content
Matugen ran successfully in Kitty
Wallpaper set via swww
---- Done ----
---- Waypaper Post Command ----
Wallpaper: /home/swavfedora/Pictures/wallpapers/blueanimegirl.png
Selected scheme: scheme-content
Matugen ran successfully in Kitty
Wallpaper set via swww
---- Done ----
---- Waypaper Post Command ----
Wallpaper: /home/swavfedora/Pictures/wallpapers/marathon2.png
Selected scheme: scheme-content
Matugen ran successfully in Kitty
Wallpaper set via swww
---- Done ----
---- Waypaper Post Command ----
Wallpaper: /home/swavfedora/Pictures/wallpapers/Somba2.jpg
Selected scheme: scheme-content
Matugen ran successfully in Kitty
Wallpaper set via swww
---- Done ----
---- Waypaper Post Command ----
Wallpaper: /home/swavfedora/Pictures/wallpapers/marathon2.png
Selected scheme: scheme-expressive
Matugen ran successfully in Kitty
Wallpaper set via swww
---- Done ----
---- Waypaper Post Command ----
Wallpaper: /home/swavfedora/Pictures/wallpapers/marathon.png
Selected scheme: scheme-content
Matugen ran successfully in Kitty
Wallpaper set via swww
---- Done ----
---- Waypaper Post Command ----
Wallpaper: /home/swavfedora/Pictures/wallpapers/marathon2.png
Selected scheme: scheme-fidelity
Matugen ran successfully in Kitty
Wallpaper set via swww
---- Done ----
---- Waypaper Post Command ----
Wallpaper: /home/swavfedora/Pictures/wallpapers/mindagruvbox.png
Selected scheme: scheme-content
Matugen ran successfully in Kitty
Wallpaper set via swww
---- Done ----
---- Waypaper Post Command ----
Wallpaper: /home/swavfedora/Pictures/wallpapers/marathon2.png
Selected scheme: scheme-content
Matugen ran successfully in Kitty
Wallpaper set via swww
---- Done ----
---- Waypaper Post Command ----
Wallpaper: /home/swavfedora/Pictures/wallpapers/otheranimegirlwhite.png
Selected scheme: scheme-content
Matugen ran successfully in Kitty
Wallpaper set via swww
---- Done ----
---- Waypaper Post Command ----
Wallpaper: /home/swavfedora/Pictures/wallpapers/marathon2.png
Selected scheme: scheme-content
Matugen ran successfully in Kitty
Wallpaper set via swww
---- Done ----
---- Waypaper Post Command ----
Wallpaper: /home/swavfedora/Pictures/wallpapers/blacknwhite.jpg
Selected scheme: scheme-content
Matugen ran successfully in Kitty
Wallpaper set via swww
---- Done ----
---- Waypaper Post Command ----
Wallpaper: /home/swavfedora/Pictures/wallpapers/marathon2.png
Selected scheme: scheme-tonal-spot
Matugen ran successfully in Kitty
Wallpaper set via swww
---- Done ----
---- Waypaper Post Command ----
Wallpaper: /home/swavfedora/Pictures/wallpapers/Somba2.jpg
Selected scheme: scheme-vibrant
Matugen ran successfully in Kitty
Wallpaper set via swww
---- Done ----
---- Waypaper Post Command ----
Wallpaper: /home/swavfedora/Pictures/wallpapers/Somba2.jpg
Selected scheme: scheme-vibrant
Matugen ran successfully in Kitty
Wallpaper set via swww
---- Done ----
---- Waypaper Post Command ----
Wallpaper: /home/swavfedora/Pictures/wallpapers/Somba2.jpg
Selected scheme: scheme-vibrant
Matugen ran successfully in Kitty
Wallpaper set via swww
---- Done ----
---- Waypaper Post Command ----
Wallpaper: /home/swavfedora/Pictures/wallpapers/Somba2.jpg
Selected scheme: scheme-vibrant
Matugen ran successfully in Kitty
Wallpaper set via swww
---- Done ----
---- Waypaper Post Command ----
Wallpaper: /home/swavfedora/Pictures/wallpapers/marathonwhite.jpg
Selected scheme: scheme-tonal-spot
Matugen ran successfully in Kitty
Wallpaper set via swww
---- Done ----
---- Waypaper Post Command ----
Wallpaper: /home/swavfedora/Pictures/wallpapers/gruvboxlink.png
Selected scheme: scheme-content
Matugen ran successfully in Kitty
Wallpaper set via swww
---- Done ----
---- Waypaper Post Command ----
Wallpaper: /home/swavfedora/Pictures/wallpapers/marathonwhite.jpg
Selected scheme: scheme-neutral
Matugen ran successfully in Kitty
Wallpaper set via swww
---- Done ----
---- Waypaper Post Command ----
Wallpaper: /home/swavfedora/Pictures/wallpapers/marathonwhite.jpg
Selected scheme: scheme-neutral
Matugen ran successfully in Kitty
Wallpaper set via swww
---- Done ----
---- Waypaper Post Command ----
Wallpaper: /home/swavfedora/Pictures/wallpapers/marathonwhite.jpg
Selected scheme: scheme-neutral
Matugen ran successfully in Kitty
Wallpaper set via swww
---- Done ----
---- Waypaper Post Command ----
Wallpaper: /home/swavfedora/Pictures/wallpapers/marathonwhite.jpg
Selected scheme: scheme-neutral
Matugen ran successfully in Kitty
Wallpaper set via swww
---- Done ----
---- Waypaper Post Command ----
Wallpaper: /home/swavfedora/Pictures/wallpapers/marathonwhite.jpg
Selected scheme: scheme-neutral
Matugen ran successfully in Kitty
Wallpaper set via swww
---- Done ----
---- Waypaper Post Command ----
Wallpaper: /home/swavfedora/Pictures/wallpapers/Somba2.jpg
Selected scheme: scheme-content
Matugen ran successfully in Kitty
Wallpaper set via swww
---- Done ----
---- Waypaper Post Command ----
Wallpaper: /home/swavfedora/Pictures/wallpapers/marathon2.png
Selected scheme: scheme-tonal-spot
Matugen ran successfully in Kitty
Wallpaper set via swww
---- Done ----
---- Waypaper Post Command ----
Wallpaper: /home/swavfedora/Pictures/wallpapers/Somba2.jpg
Selected scheme: scheme-tonal-spot
Matugen ran successfully in Kitty
Wallpaper set via swww
---- Done ----
---- Waypaper Post Command ----
Wallpaper: /home/swavfedora/Pictures/wallpapers/animeteal.png
Selected scheme: scheme-content
---- Waypaper Post Command ----
Wallpaper: /home/swavfedora/Pictures/wallpapers/animeteal.png
Selected scheme: scheme-content
Matugen ran successfully in Kitty
Wallpaper set via swww
---- Done ----
Matugen ran successfully in Kitty
Wallpaper set via swww
---- Done ----
---- Waypaper Post Command ----
Wallpaper: /home/swavfedora/Pictures/wallpapers/Somba2.jpg
Selected scheme: scheme-content
Matugen ran successfully in Kitty
Wallpaper set via swww
---- Done ----
---- Waypaper Post Command ----
Wallpaper: /home/swavfedora/Pictures/wallpapers/Somba2.jpg
Selected scheme: scheme-content
Matugen ran successfully in Kitty
Wallpaper set via swww
---- Done ----
---- Waypaper Post Command ----
Wallpaper: /home/swavfedora/Pictures/wallpapers/bluewallpaper.jpg
Selected scheme: scheme-content
Matugen ran successfully in Kitty
Wallpaper set via swww
---- Done ----
---- Waypaper Post Command ----
Wallpaper: /home/swavfedora/Pictures/wallpapers/killlakill.jpg
Selected scheme: scheme-tonal-spot
Matugen ran successfully in Kitty
Wallpaper set via swww
---- Done ----
---- Waypaper Post Command ----
Wallpaper: /home/swavfedora/Pictures/wallpapers/bluewallpaper.jpg
Selected scheme: scheme-tonal-spot
Matugen ran successfully in Kitty
Wallpaper set via swww
---- Done ----
---- Waypaper Post Command ----
Wallpaper: /home/swavfedora/Pictures/wallpapers/bluewallpaper.jpg
Selected scheme: scheme-tonal-spot
Matugen ran successfully in Kitty
Wallpaper set via swww
---- Done ----
---- Waypaper Post Command ----
Wallpaper: /home/swavfedora/Pictures/wallpapers/bluewallpaper.jpg
Selected scheme: scheme-tonal-spot
Matugen ran successfully in Kitty
Wallpaper set via swww
---- Done ----
---- Waypaper Post Command ----
Wallpaper: /home/swavfedora/Pictures/wallpapers/marathonblue2.jpg
Selected scheme: scheme-vibrant
Matugen ran successfully in Kitty
Wallpaper set via swww
---- Done ----
---- Waypaper Post Command ----
Wallpaper: /home/swavfedora/Pictures/wallpapers/marathonblue2.jpg
Selected scheme: scheme-vibrant
Matugen ran successfully in Kitty
Wallpaper set via swww
---- Done ----
---- Waypaper Post Command ----
Wallpaper: /home/swavfedora/Pictures/wallpapers/marathonblue2.jpg
Selected scheme: scheme-vibrant
Matugen ran successfully in Kitty
Wallpaper set via swww
---- Done ----
---- Waypaper Post Command ----
Wallpaper: /home/swavfedora/Pictures/wallpapers/marathonblue2.jpg
Selected scheme: scheme-vibrant
Matugen ran successfully in Kitty
Wallpaper set via swww
---- Done ----
---- Waypaper Post Command ----
Wallpaper: /home/swavfedora/Pictures/wallpapers/marathonblue2.jpg
Selected scheme: scheme-vibrant
Matugen ran successfully in Kitty
Wallpaper set via swww
---- Done ----
---- Waypaper Post Command ----
Wallpaper: /home/swavfedora/Pictures/wallpapers/Somba3.png
Selected scheme: scheme-content
Matugen ran successfully in Kitty
Wallpaper set via swww
---- Done ----
---- Waypaper Post Command ----
Wallpaper: /home/swavfedora/Pictures/wallpapers/marathonblue2.jpg
Selected scheme: scheme-content
Matugen ran successfully in Kitty
Wallpaper set via swww
---- Done ----
---- Waypaper Post Command ----
Wallpaper: /home/swavfedora/Pictures/wallpapers/marathonblue2.jpg
Selected scheme: scheme-content
Matugen ran successfully in Kitty
Wallpaper set via swww
---- Done ----
---- Waypaper Post Command ----
Wallpaper: /home/swavfedora/Pictures/wallpapers/animegirl1.png
Selected scheme: scheme-content
Matugen ran successfully in Kitty
Wallpaper set via swww
---- Done ----
---- Waypaper Post Command ----
Wallpaper: /home/swavfedora/Pictures/wallpapers/marathonblue2.jpg
Selected scheme: scheme-content
Matugen ran successfully in Kitty
Wallpaper set via swww
---- Done ----
---- Waypaper Post Command ----
Wallpaper: /home/swavfedora/Pictures/wallpapers/blueanimegirl.png
Selected scheme: scheme-content
Matugen ran successfully in Kitty
Wallpaper set via swww
---- Done ----
---- Waypaper Post Command ----
Wallpaper: /home/swavfedora/Pictures/wallpapers/marathonblue2.jpg
Selected scheme: scheme-content
Matugen ran successfully in Kitty
Wallpaper set via swww
---- Done ----
---- Waypaper Post Command ----
Wallpaper: /home/swavfedora/Pictures/wallpapers/Somba4.jpg
Selected scheme: scheme-content
Matugen ran successfully in Kitty
Wallpaper set via swww
---- Done ----
---- Waypaper Post Command ----
Wallpaper: /home/swavfedora/Pictures/wallpapers/blue-black-girl.png
Selected scheme: scheme-content
Matugen ran successfully in Kitty
Wallpaper set via swww
---- Done ----
---- Waypaper Post Command ----
Wallpaper: /home/swavfedora/Pictures/wallpapers/marathonblue2.jpg
Selected scheme: scheme-tonal-spot
Matugen ran successfully in Kitty
Wallpaper set via swww
---- Done ----
---- Waypaper Post Command ----
Wallpaper: /home/swavfedora/Pictures/wallpapers/Somba4.jpg
Selected scheme: scheme-content
Matugen ran successfully in Kitty
Wallpaper set via swww
---- Done ----
---- Waypaper Post Command ----
Wallpaper: /home/swavfedora/Pictures/wallpapers/purple2.png
Selected scheme: scheme-content
Matugen ran successfully in Kitty
Wallpaper set via swww
---- Done ----
---- Waypaper Post Command ----
Wallpaper: /home/swavfedora/Pictures/wallpapers/marathonblue2.jpg
Selected scheme: scheme-tonal-spot
---- Waypaper Post Command ----
Wallpaper: /home/swavfedora/Pictures/wallpapers/marathonblue2.jpg
Selected scheme: scheme-tonal-spot
Matugen ran successfully in Kitty
Wallpaper set via swww
---- Done ----
---- Waypaper Post Command ----
Wallpaper: /home/swavfedora/Pictures/wallpapers/marathon2.png
Selected scheme: scheme-content
Matugen ran successfully in Kitty
Wallpaper set via swww
---- Done ----
Matugen ran successfully in Kitty
Wallpaper set via swww
---- Done ----
---- Waypaper Post Command ----
Wallpaper: /home/swavfedora/Pictures/wallpapers/marathonblue2.jpg
Selected scheme: scheme-tonal-spot
Matugen ran successfully in Kitty
Wallpaper set via swww
---- Done ----
---- Waypaper Post Command ----
Wallpaper: /home/swavfedora/Pictures/wallpapers/marathonblue2.jpg
Selected scheme: scheme-tonal-spot
Matugen ran successfully in Kitty
Wallpaper set via swww
---- Done ----
---- Waypaper Post Command ----
Wallpaper: /home/swavfedora/Pictures/wallpapers/marathonblue2.jpg
Selected scheme: scheme-tonal-spot
Matugen ran successfully in Kitty
Wallpaper set via swww
---- Done ----
---- Waypaper Post Command ----
Wallpaper: /home/swavfedora/Pictures/wallpapers/marathonblue2.jpg
Selected scheme: scheme-tonal-spot
Matugen ran successfully in Kitty
Wallpaper set via swww
---- Done ----
---- Waypaper Post Command ----
Wallpaper: /home/swavfedora/Pictures/wallpapers/marathonblue2.jpg
Selected scheme: scheme-tonal-spot
---- Waypaper Post Command ----
Wallpaper: /home/swavfedora/Pictures/wallpapers/marathonblue2.jpg
Selected scheme: scheme-tonal-spot
Matugen ran successfully in Kitty
Wallpaper set via swww
---- Done ----
---- Waypaper Post Command ----
Wallpaper: /home/swavfedora/Pictures/wallpapers/marathonblue2.jpg
Selected scheme: scheme-tonal-spot
Matugen ran successfully in Kitty
Wallpaper set via swww
---- Done ----
---- Waypaper Post Command ----
Wallpaper: /home/swavfedora/Pictures/wallpapers/marathonblue2.jpg
Selected scheme: scheme-tonal-spot
Matugen ran successfully in Kitty
Wallpaper set via swww
---- Done ----
---- Waypaper Post Command ----
Wallpaper: /home/swavfedora/Pictures/wallpapers/marathonblue2.jpg
Selected scheme: scheme-tonal-spot
Matugen ran successfully in Kitty
Wallpaper set via swww
---- Done ----
---- Waypaper Post Command ----
Wallpaper: /home/swavfedora/Pictures/wallpapers/marathonblue2.jpg
Selected scheme: scheme-tonal-spot
Matugen ran successfully in Kitty
Wallpaper set via swww
---- Done ----
---- Waypaper Post Command ----
Wallpaper: /home/swavfedora/Pictures/wallpapers/marathonblue2.jpg
Selected scheme: scheme-tonal-spot
Matugen ran successfully in Kitty
Wallpaper set via swww
---- Done ----
---- Waypaper Post Command ----
Wallpaper: /home/swavfedora/Pictures/wallpapers/marathonblue2.jpg
Selected scheme: scheme-tonal-spot
Matugen ran successfully in Kitty
Wallpaper set via swww
---- Done ----
---- Waypaper Post Command ----
Wallpaper: /home/swavfedora/Pictures/wallpapers/marathonblue2.jpg
Selected scheme: scheme-tonal-spot
Matugen ran successfully in Kitty
Wallpaper set via swww
---- Done ----
---- Waypaper Post Command ----
Wallpaper: /home/swavfedora/Pictures/wallpapers/marathonblue2.jpg
Selected scheme: scheme-tonal-spot
Matugen ran successfully in Kitty
Wallpaper set via swww
---- Done ----
---- Waypaper Post Command ----
Wallpaper: /home/swavfedora/Pictures/wallpapers/marathonblue2.jpg
Selected scheme: scheme-tonal-spot
Matugen ran successfully in Kitty
Wallpaper set via swww
---- Done ----
---- Waypaper Post Command ----
Wallpaper: /home/swavfedora/Pictures/wallpapers/marathonblue2.jpg
Selected scheme: scheme-tonal-spot
Matugen ran successfully in Kitty
Wallpaper set via swww
---- Done ----
---- Waypaper Post Command ----
Wallpaper: /home/swavfedora/Pictures/wallpapers/marathonblue2.jpg
Selected scheme: scheme-tonal-spot
Matugen ran successfully in Kitty
Wallpaper set via swww
---- Done ----
---- Waypaper Post Command ----
Wallpaper: /home/swavfedora/Pictures/wallpapers/marathonblue2.jpg
Selected scheme: scheme-tonal-spot
Matugen ran successfully in Kitty
Wallpaper set via swww
---- Done ----
---- Waypaper Post Command ----
Wallpaper: /home/swavfedora/Pictures/wallpapers/marathonblue2.jpg
Selected scheme: scheme-tonal-spot
Matugen ran successfully in Kitty
Wallpaper set via swww
---- Done ----
---- Waypaper Post Command ----
Wallpaper: /home/swavfedora/Pictures/wallpapers/marathonblue2.jpg
Selected scheme: scheme-tonal-spot
Matugen ran successfully in Kitty
Wallpaper set via swww
---- Done ----
---- Waypaper Post Command ----
Wallpaper: /home/swavfedora/Pictures/wallpapers/marathonblue2.jpg
Selected scheme: scheme-tonal-spot
Matugen ran successfully in Kitty
Wallpaper set via swww
---- Done ----
---- Waypaper Post Command ----
Wallpaper: /home/swavfedora/Pictures/wallpapers/marathonblue2.jpg
Selected scheme: scheme-tonal-spot
Matugen ran successfully in Kitty
Wallpaper set via swww
---- Done ----
---- Waypaper Post Command ----
Wallpaper: /home/swavfedora/Pictures/wallpapers/marathonblue2.jpg
Selected scheme: scheme-tonal-spot
Matugen ran successfully in Kitty
Wallpaper set via swww
---- Done ----
---- Waypaper Post Command ----
Wallpaper: /home/swavfedora/Pictures/wallpapers/marathonblue2.jpg
Selected scheme: scheme-tonal-spot
Matugen ran successfully in Kitty
Wallpaper set via swww
---- Done ----
---- Waypaper Post Command ----
Wallpaper: /home/swavfedora/Pictures/wallpapers/marathonblue2.jpg
Selected scheme: scheme-tonal-spot
Matugen ran successfully in Kitty
Wallpaper set via swww
---- Done ----
---- Waypaper Post Command ----
Wallpaper: /home/swavfedora/Pictures/wallpapers/marathonblue2.jpg
Selected scheme: scheme-tonal-spot
Matugen ran successfully in Kitty
Wallpaper set via swww
---- Done ----
---- Waypaper Post Command ----
Wallpaper: /home/swavfedora/Pictures/wallpapers/marathonblue2.jpg
Selected scheme: scheme-tonal-spot
Matugen ran successfully in Kitty
Wallpaper set via swww
---- Done ----
---- Waypaper Post Command ----
Wallpaper: /home/swavfedora/Pictures/wallpapers/marathonblue2.jpg
Selected scheme: scheme-tonal-spot
Matugen ran successfully in Kitty
Wallpaper set via swww
---- Done ----
---- Waypaper Post Command ----
Wallpaper: /home/swavfedora/Pictures/wallpapers/marathonblue2.jpg
Selected scheme: scheme-tonal-spot
Matugen ran successfully in Kitty
Wallpaper set via swww
---- Done ----
---- Waypaper Post Command ----
Wallpaper: /home/swavfedora/Pictures/wallpapers/marathonblue2.jpg
Selected scheme: scheme-tonal-spot
Matugen ran successfully in Kitty
Wallpaper set via swww
---- Done ----
---- Waypaper Post Command ----
Wallpaper: /home/swavfedora/Pictures/wallpapers/eggman.png
Selected scheme: scheme-content
Matugen ran successfully in Kitty
Wallpaper set via swww
---- Done ----
---- Waypaper Post Command ----
Wallpaper: /home/swavfedora/Pictures/wallpapers/eggman.png
Selected scheme: scheme-content
Matugen ran successfully in Kitty
Wallpaper set via swww
---- Done ----
---- Waypaper Post Command ----
Wallpaper: /home/swavfedora/Pictures/wallpapers/marathonblue2.jpg
Selected scheme: scheme-content
Matugen ran successfully in Kitty
Wallpaper set via swww
---- Done ----
---- Waypaper Post Command ----
Wallpaper: /home/swavfedora/Pictures/wallpapers/eggman.png
Selected scheme: scheme-fruit-salad
Matugen ran successfully in Kitty
Wallpaper set via swww
---- Done ----
---- Waypaper Post Command ----
Wallpaper: /home/swavfedora/Pictures/wallpapers/wallhaven-x819zl.png
Selected scheme: scheme-rainbow
Matugen ran successfully in Kitty
Wallpaper set via swww
---- Done ----
---- Waypaper Post Command ----
Wallpaper: /home/swavfedora/Pictures/wallpapers/eggman.png
Selected scheme: scheme-rainbow
Matugen ran successfully in Kitty
Wallpaper set via swww
---- Done ----
---- Waypaper Post Command ----
Wallpaper: /home/swavfedora/Pictures/wallpapers/marathonblue2.jpg
Selected scheme: scheme-tonal-spot
---- Waypaper Post Command ----
Wallpaper: /home/swavfedora/Pictures/wallpapers/marathonwhite.jpg
---- Waypaper Post Command ----
Wallpaper: /home/swavfedora/Pictures/wallpapers/marathonwhite.jpg
---- Waypaper Post Command ----
Wallpaper: /home/swavfedora/Pictures/wallpapers/marathonwhite.jpg
Matugen ran successfully in Kitty
Wallpaper set via swww
---- Done ----
---- Waypaper Post Command ----
Wallpaper: /home/swavfedora/Pictures/wallpapers/marathonblue2.jpg
Selected scheme: scheme-tonal-spot
Matugen ran successfully in Kitty
Wallpaper set via swww
---- Done ----
---- Waypaper Post Command ----
Wallpaper: /home/swavfedora/Pictures/wallpapers/marathonblue2.jpg
Selected scheme: scheme-tonal-spot
Matugen ran successfully in Kitty
Wallpaper set via swww
---- Done ----
---- Waypaper Post Command ----
Wallpaper: /home/swavfedora/Pictures/wallpapers/marathontheif.png
Selected scheme: scheme-content
Matugen ran successfully in Kitty
Wallpaper set via swww
---- Done ----
---- Waypaper Post Command ----
Wallpaper: /home/swavfedora/Pictures/wallpapers/animecamera.png
Selected scheme: scheme-content
Matugen ran successfully in Kitty
Wallpaper set via swww
---- Done ----
---- Waypaper Post Command ----
Wallpaper: /home/swavfedora/Pictures/wallpapers/marathontheif.png
---- Waypaper Post Command ----
Wallpaper: /home/swavfedora/Pictures/wallpapers/marathontheif.png
Selected scheme: scheme-content
Matugen ran successfully in Kitty
Wallpaper set via swww
---- Done ----
---- Waypaper Post Command ----
Wallpaper: /home/swavfedora/Pictures/wallpapers/marathontheif.png
Selected scheme: scheme-content
Matugen ran successfully in Kitty
Wallpaper set via swww
---- Done ----
---- Waypaper Post Command ----
Wallpaper: /home/swavfedora/Pictures/wallpapers/marathonblue2.jpg
Selected scheme: scheme-content
Matugen ran successfully in Kitty
Wallpaper set via swww
---- Done ----
---- Waypaper Post Command ----
Wallpaper: /home/swavfedora/Pictures/wallpapers/marathonblue2.jpg
Selected scheme: scheme-content
Matugen ran successfully in Kitty
Wallpaper set via swww
---- Done ----
